@!@!@STARTMSG 2262:0 @!@!@
TLC2 Version 2.15 of Day Month 20?? (rev: e389d55)
@!@!@ENDMSG 2262 @!@!@
@!@!@STARTMSG 2187:0 @!@!@
Running breadth-first search Model-Checking with fp 0 and seed -7954532386803616957 with 6 workers on 12 cores with 1211MB heap and 2721MB offheap memory [pid: 14412] (Windows 10 10.0 amd64, AdoptOpenJDK 14.0.1 x86_64, OffHeapDiskFPSet, DiskStateQueue).
@!@!@ENDMSG 2187 @!@!@
@!@!@STARTMSG 2220:0 @!@!@
Starting SANY...
@!@!@ENDMSG 2220 @!@!@
Parsing file C:\toolbox\projects\hanoi4.toolbox\hanoi4\MC.tla
Parsing file C:\toolbox\projects\hanoi4.toolbox\hanoi4\hanoi4.tla
Labels added.
Parsing file C:\toolbox\plugins\org.lamport.tlatools_1.0.0.202011242241\tla2sany\StandardModules\TLC.tla
Parsing file C:\toolbox\plugins\org.lamport.tlatools_1.0.0.202011242241\tla2sany\StandardModules\Sequences.tla
Parsing file C:\toolbox\plugins\org.lamport.tlatools_1.0.0.202011242241\tla2sany\StandardModules\Integers.tla
Parsing file C:\toolbox\plugins\org.lamport.tlatools_1.0.0.202011242241\tla2sany\StandardModules\Naturals.tla
Parsing file C:\toolbox\plugins\org.lamport.tlatools_1.0.0.202011242241\tla2sany\StandardModules\FiniteSets.tla
Semantic processing of module Naturals
Semantic processing of module Sequences
Semantic processing of module FiniteSets
Semantic processing of module TLC
Semantic processing of module Integers
Semantic processing of module hanoi4
Semantic processing of module MC
@!@!@STARTMSG 2219:0 @!@!@
SANY finished.
@!@!@ENDMSG 2219 @!@!@
@!@!@STARTMSG 2185:0 @!@!@
Starting... (2020-12-05 17:51:01)
@!@!@ENDMSG 2185 @!@!@
@!@!@STARTMSG 2189:0 @!@!@
Computing initial states...
@!@!@ENDMSG 2189 @!@!@
@!@!@STARTMSG 2190:0 @!@!@
Finished computing initial states: 1 distinct state generated at 2020-12-05 17:51:01.
@!@!@ENDMSG 2190 @!@!@
@!@!@STARTMSG 2132:1 @!@!@
The first argument of Assert evaluated to FALSE; the second argument was:
"Failure of assertion at line 28, column 3."
@!@!@ENDMSG 2132 @!@!@
@!@!@STARTMSG 2121:1 @!@!@
The behavior up to this point is:
@!@!@ENDMSG 2121 @!@!@
@!@!@STARTMSG 2217:4 @!@!@
1: <Initial predicate>
tower = <<<<1, 2, 3>>, <<>>, <<>>>>

@!@!@ENDMSG 2217 @!@!@
@!@!@STARTMSG 2217:4 @!@!@
2: <Next line 53, col 9 to line 62, col 81 of module hanoi4>
tower = <<<<2, 3>>, <<>>, <<1>>>>

@!@!@ENDMSG 2217 @!@!@
@!@!@STARTMSG 2217:4 @!@!@
3: <Next line 53, col 9 to line 62, col 81 of module hanoi4>
tower = <<<<3>>, <<2>>, <<1>>>>

@!@!@ENDMSG 2217 @!@!@
@!@!@STARTMSG 2217:4 @!@!@
4: <Next line 53, col 9 to line 62, col 81 of module hanoi4>
tower = <<<<3>>, <<1, 2>>, <<>>>>

@!@!@ENDMSG 2217 @!@!@
@!@!@STARTMSG 2217:4 @!@!@
5: <Next line 53, col 9 to line 62, col 81 of module hanoi4>
tower = <<<<>>, <<1, 2>>, <<3>>>>

@!@!@ENDMSG 2217 @!@!@
@!@!@STARTMSG 2217:4 @!@!@
6: <Next line 53, col 9 to line 62, col 81 of module hanoi4>
tower = <<<<1>>, <<2>>, <<3>>>>

@!@!@ENDMSG 2217 @!@!@
@!@!@STARTMSG 2217:4 @!@!@
7: <Next line 53, col 9 to line 62, col 81 of module hanoi4>
tower = <<<<1>>, <<>>, <<2, 3>>>>

@!@!@ENDMSG 2217 @!@!@
@!@!@STARTMSG 2217:4 @!@!@
8: <Next line 53, col 9 to line 62, col 81 of module hanoi4>
tower = <<<<>>, <<>>, <<1, 2, 3>>>>

@!@!@ENDMSG 2217 @!@!@
@!@!@STARTMSG 2103:1 @!@!@
The error occurred when TLC was evaluating the nested
expressions at the following positions:
0. Line 53, column 9 to line 62, column 81 in hanoi4
1. Line 53, column 12 to line 54, column 63 in hanoi4


@!@!@ENDMSG 2103 @!@!@
@!@!@STARTMSG 2201:0 @!@!@
The coverage statistics at 2020-12-05 17:51:01
@!@!@ENDMSG 2201 @!@!@
@!@!@STARTMSG 2773:0 @!@!@
<Init line 50, col 1 to line 50, col 4 of module hanoi4>: 2:2
@!@!@ENDMSG 2773 @!@!@
@!@!@STARTMSG 2221:0 @!@!@
  line 51, col 9 to line 51, col 24 of module hanoi4: 2
@!@!@ENDMSG 2221 @!@!@
@!@!@STARTMSG 2772:0 @!@!@
<Next line 53, col 1 to line 53, col 4 of module hanoi4>: 26:96
@!@!@ENDMSG 2772 @!@!@
@!@!@STARTMSG 2221:0 @!@!@
  line 53, col 12 to line 54, col 63 of module hanoi4: 33
@!@!@ENDMSG 2221 @!@!@
@!@!@STARTMSG 2221:0 @!@!@
  |line 53, col 19 to line 53, col 35 of module hanoi4: 35
@!@!@ENDMSG 2221 @!@!@
@!@!@STARTMSG 2221:0 @!@!@
  line 61, col 16 to line 62, col 81 of module hanoi4: 96
@!@!@ENDMSG 2221 @!@!@
@!@!@STARTMSG 2775:0 @!@!@
  line 56, col 24 to line 60, col 24 of module hanoi4: 71:167
@!@!@ENDMSG 2775 @!@!@
@!@!@STARTMSG 2221:0 @!@!@
  |line 58, col 28 to line 59, col 64 of module hanoi4: 213
@!@!@ENDMSG 2221 @!@!@
@!@!@STARTMSG 2221:0 @!@!@
  ||line 58, col 31 to line 58, col 45 of module hanoi4: 213
@!@!@ENDMSG 2221 @!@!@
@!@!@STARTMSG 2221:0 @!@!@
  ||line 59, col 31 to line 59, col 64 of module hanoi4: 163
@!@!@ENDMSG 2221 @!@!@
@!@!@STARTMSG 2221:0 @!@!@
  |line 57, col 32 to line 57, col 32 of module hanoi4: 71
@!@!@ENDMSG 2221 @!@!@
@!@!@STARTMSG 2775:0 @!@!@
  line 55, col 24 to line 55, col 51 of module hanoi4: 33:104
@!@!@ENDMSG 2775 @!@!@
@!@!@STARTMSG 2221:0 @!@!@
  |line 55, col 35 to line 55, col 50 of module hanoi4: 99
@!@!@ENDMSG 2221 @!@!@
@!@!@STARTMSG 2221:0 @!@!@
  |line 55, col 31 to line 55, col 31 of module hanoi4: 33
@!@!@ENDMSG 2221 @!@!@
@!@!@STARTMSG 2202:0 @!@!@
End of statistics.
@!@!@ENDMSG 2202 @!@!@
@!@!@STARTMSG 2200:0 @!@!@
Progress(8) at 2020-12-05 17:51:01: 77 states generated (6,031 s/min), 27 distinct states found (2,114 ds/min), 0 states left on queue.
@!@!@ENDMSG 2200 @!@!@
@!@!@STARTMSG 2199:0 @!@!@
77 states generated, 27 distinct states found, 0 states left on queue.
@!@!@ENDMSG 2199 @!@!@
@!@!@STARTMSG 2194:0 @!@!@
The depth of the complete state graph search is 8.
@!@!@ENDMSG 2194 @!@!@
@!@!@STARTMSG 2186:0 @!@!@
Finished in 770ms at (2020-12-05 17:51:01)
@!@!@ENDMSG 2186 @!@!@
