@!@!@STARTMSG 2262:0 @!@!@
TLC2 Version 2.15 of Day Month 20?? (rev: cf69db9)
@!@!@ENDMSG 2262 @!@!@
@!@!@STARTMSG 2187:0 @!@!@
Running breadth-first search Model-Checking with fp 60 and seed 347829222961880048 with 6 workers on 12 cores with 1211MB heap and 2721MB offheap memory [pid: 10692] (Windows 10 10.0 amd64, AdoptOpenJDK 14.0.1 x86_64, OffHeapDiskFPSet, DiskStateQueue).
@!@!@ENDMSG 2187 @!@!@
@!@!@STARTMSG 2220:0 @!@!@
Starting SANY...
@!@!@ENDMSG 2220 @!@!@
Parsing file D:\tla+projects\simple_logic.toolbox\simple_logic\MC.tla
Parsing file D:\tla+projects\simple_logic.toolbox\simple_logic\simple_logic.tla
Parsing file C:\toolbox\plugins\org.lamport.tlatools_1.0.0.202012272159\tla2sany\StandardModules\TLC.tla
Parsing file C:\toolbox\plugins\org.lamport.tlatools_1.0.0.202012272159\tla2sany\StandardModules\Naturals.tla
Parsing file C:\toolbox\plugins\org.lamport.tlatools_1.0.0.202012272159\tla2sany\StandardModules\Sequences.tla
Parsing file C:\cygwin\usr\local\lib\tlaps\FiniteSets.tla
Semantic processing of module simple_logic
Semantic processing of module Naturals
Semantic processing of module Sequences
Semantic processing of module FiniteSets
Semantic processing of module TLC
Semantic processing of module MC
@!@!@STARTMSG 2219:0 @!@!@
SANY finished.
@!@!@ENDMSG 2219 @!@!@
@!@!@STARTMSG 2185:0 @!@!@
Starting... (2021-01-03 14:51:47)
@!@!@ENDMSG 2185 @!@!@
@!@!@STARTMSG 2189:0 @!@!@
Computing initial states...
@!@!@ENDMSG 2189 @!@!@
@!@!@STARTMSG 2269:0 @!@!@
Computed 2 initial states...
@!@!@ENDMSG 2269 @!@!@
@!@!@STARTMSG 2190:0 @!@!@
Finished computing initial states: 4 distinct states generated at 2021-01-03 14:51:47.
@!@!@ENDMSG 2190 @!@!@
@!@!@STARTMSG 2193:0 @!@!@
Model checking completed. No error has been found.
  Estimates of the probability that TLC did not check all reachable states
  because two distinct states had the same fingerprint:
  calculated (optimistic):  val = 3.5E-18
@!@!@ENDMSG 2193 @!@!@
@!@!@STARTMSG 2201:0 @!@!@
The coverage statistics at 2021-01-03 14:51:47
@!@!@ENDMSG 2201 @!@!@
@!@!@STARTMSG 2773:0 @!@!@
<Init line 29, col 1 to line 29, col 4 of module simple_logic>: 4:4
@!@!@ENDMSG 2773 @!@!@
@!@!@STARTMSG 2221:0 @!@!@
  line 30, col 8 to line 30, col 26 of module simple_logic: 1
@!@!@ENDMSG 2221 @!@!@
@!@!@STARTMSG 2221:0 @!@!@
  line 31, col 8 to line 31, col 26 of module simple_logic: 4
@!@!@ENDMSG 2221 @!@!@
@!@!@STARTMSG 2775:0 @!@!@
  |line 31, col 14 to line 31, col 26 of module simple_logic: 2:6
@!@!@ENDMSG 2775 @!@!@
@!@!@STARTMSG 2772:0 @!@!@
<Next line 33, col 1 to line 33, col 4 of module simple_logic>: 0:16
@!@!@ENDMSG 2772 @!@!@
@!@!@STARTMSG 2221:0 @!@!@
  line 34, col 8 to line 34, col 27 of module simple_logic: 8
@!@!@ENDMSG 2221 @!@!@
@!@!@STARTMSG 2775:0 @!@!@
  |line 34, col 15 to line 34, col 27 of module simple_logic: 4:12
@!@!@ENDMSG 2775 @!@!@
@!@!@STARTMSG 2221:0 @!@!@
  line 35, col 8 to line 35, col 27 of module simple_logic: 16
@!@!@ENDMSG 2221 @!@!@
@!@!@STARTMSG 2775:0 @!@!@
  |line 35, col 15 to line 35, col 27 of module simple_logic: 8:24
@!@!@ENDMSG 2775 @!@!@
@!@!@STARTMSG 2202:0 @!@!@
End of statistics.
@!@!@ENDMSG 2202 @!@!@
@!@!@STARTMSG 2200:0 @!@!@
Progress(1) at 2021-01-03 14:51:47: 20 states generated (1,683 s/min), 4 distinct states found (336 ds/min), 0 states left on queue.
@!@!@ENDMSG 2200 @!@!@
@!@!@STARTMSG 2199:0 @!@!@
20 states generated, 4 distinct states found, 0 states left on queue.
@!@!@ENDMSG 2199 @!@!@
@!@!@STARTMSG 2194:0 @!@!@
The depth of the complete state graph search is 1.
@!@!@ENDMSG 2194 @!@!@
@!@!@STARTMSG 2268:0 @!@!@
The average outdegree of the complete state graph is 0 (minimum is 0, the maximum 0 and the 95th percentile is 0).
@!@!@ENDMSG 2268 @!@!@
@!@!@STARTMSG 2186:0 @!@!@
Finished in 718ms at (2021-01-03 14:51:47)
@!@!@ENDMSG 2186 @!@!@
