@!@!@STARTMSG 2262:0 @!@!@
TLC2 Version 2.15 of Day Month 20?? (rev: e389d55)
@!@!@ENDMSG 2262 @!@!@
@!@!@STARTMSG 2187:0 @!@!@
Running breadth-first search Model-Checking with fp 18 and seed 7932673973921702913 with 6 workers on 12 cores with 1211MB heap and 2721MB offheap memory [pid: 11288] (Windows 10 10.0 amd64, AdoptOpenJDK 14.0.1 x86_64, OffHeapDiskFPSet, DiskStateQueue).
@!@!@ENDMSG 2187 @!@!@
@!@!@STARTMSG 2220:0 @!@!@
Starting SANY...
@!@!@ENDMSG 2220 @!@!@
Parsing file C:\toolbox\projects\tlcExtTrace.toolbox\tlcExtTrace\MC.tla
Parsing file C:\toolbox\projects\tlcExtTrace.toolbox\tlcExtTrace\tlcExtTrace.tla
Parsing file C:\toolbox\plugins\org.lamport.tlatools_1.0.0.202011242241\tla2sany\StandardModules\TLC.tla
Parsing file C:\toolbox\plugins\org.lamport.tlatools_1.0.0.202011242241\tla2sany\StandardModules\Integers.tla
Parsing file C:\toolbox\projects\tlcExtTrace.toolbox\tlcExtTrace\TLCExt.tla
Parsing file C:\toolbox\plugins\org.lamport.tlatools_1.0.0.202011242241\tla2sany\StandardModules\Sequences.tla
Parsing file C:\toolbox\plugins\org.lamport.tlatools_1.0.0.202011242241\tla2sany\StandardModules\Naturals.tla
Parsing file C:\toolbox\plugins\org.lamport.tlatools_1.0.0.202011242241\tla2sany\StandardModules\FiniteSets.tla
Semantic processing of module Naturals
Semantic processing of module Integers
Semantic processing of module Sequences
Semantic processing of module FiniteSets
Semantic processing of module TLC
Semantic processing of module TLCExt
Semantic processing of module tlcExtTrace
Semantic processing of module MC
@!@!@STARTMSG 2219:0 @!@!@
SANY finished.
@!@!@ENDMSG 2219 @!@!@
@!@!@STARTMSG 2185:0 @!@!@
Starting... (2020-12-06 21:14:47)
@!@!@ENDMSG 2185 @!@!@
@!@!@STARTMSG 2189:0 @!@!@
Computing initial states...
@!@!@ENDMSG 2189 @!@!@
@!@!@STARTMSG 1000:1 @!@!@
@!@!@STARTMSG 2283:0 @!@!@
The argument of Len should be a sequence, but instead it is:
TRUE
@!@!@ENDMSG 2283 @!@!@
@!@!@ENDMSG 1000 @!@!@
@!@!@STARTMSG 2103:1 @!@!@
The error occurred when TLC was evaluating the nested
expressions at the following positions:
0. Line 7, column 9 to line 7, column 13 in tlcExtTrace
1. Line 10, column 8 to line 11, column 67 in tlcExtTrace
2. Line 10, column 11 to line 10, column 24 in tlcExtTrace
3. Line 10, column 11 to line 10, column 20 in tlcExtTrace


@!@!@ENDMSG 2103 @!@!@
@!@!@STARTMSG 2201:0 @!@!@
The coverage statistics at 2020-12-06 21:14:47
@!@!@ENDMSG 2201 @!@!@
@!@!@STARTMSG 2773:0 @!@!@
<Action line 7, col 9 to line 7, col 13 of module tlcExtTrace>: 2:2
@!@!@ENDMSG 2773 @!@!@
@!@!@STARTMSG 2221:0 @!@!@
  line 7, col 9 to line 7, col 13 of module tlcExtTrace: 2
@!@!@ENDMSG 2221 @!@!@
@!@!@STARTMSG 2772:0 @!@!@
<Action line 7, col 21 to line 7, col 40 of module tlcExtTrace>: 0:0
@!@!@ENDMSG 2772 @!@!@
@!@!@STARTMSG 2221:0 @!@!@
  line 7, col 31 to line 7, col 40 of module tlcExtTrace: 0
@!@!@ENDMSG 2221 @!@!@
@!@!@STARTMSG 2774:0 @!@!@
<Inv line 10, col 1 to line 10, col 3 of module tlcExtTrace>
@!@!@ENDMSG 2774 @!@!@
@!@!@STARTMSG 2221:0 @!@!@
  line 10, col 8 to line 11, col 67 of module tlcExtTrace: 2
@!@!@ENDMSG 2221 @!@!@
@!@!@STARTMSG 2774:0 @!@!@
<InvTraceFrom line 14, col 1 to line 14, col 12 of module tlcExtTrace>
@!@!@ENDMSG 2774 @!@!@
@!@!@STARTMSG 2202:0 @!@!@
End of statistics.
@!@!@ENDMSG 2202 @!@!@
@!@!@STARTMSG 2200:0 @!@!@
Progress(1) at 2020-12-06 21:14:47: 1 states generated (79 s/min), 1 distinct states found (79 ds/min), 1 states left on queue.
@!@!@ENDMSG 2200 @!@!@
@!@!@STARTMSG 2199:0 @!@!@
1 states generated, 1 distinct states found, 1 states left on queue.
@!@!@ENDMSG 2199 @!@!@
@!@!@STARTMSG 2194:0 @!@!@
The depth of the complete state graph search is 1.
@!@!@ENDMSG 2194 @!@!@
@!@!@STARTMSG 2186:0 @!@!@
Finished in 756ms at (2020-12-06 21:14:47)
@!@!@ENDMSG 2186 @!@!@
