@!@!@STARTMSG 2262:0 @!@!@
TLC2 Version 2.15 of Day Month 20?? (rev: e389d55)
@!@!@ENDMSG 2262 @!@!@
@!@!@STARTMSG 2187:0 @!@!@
Running breadth-first search Model-Checking with fp 92 and seed -4710626482069757125 with 6 workers on 12 cores with 1211MB heap and 2721MB offheap memory [pid: 12860] (Windows 10 10.0 amd64, AdoptOpenJDK 14.0.1 x86_64, OffHeapDiskFPSet, DiskStateQueue).
@!@!@ENDMSG 2187 @!@!@
@!@!@STARTMSG 2220:0 @!@!@
Starting SANY...
@!@!@ENDMSG 2220 @!@!@
Parsing file C:\toolbox\projects\importingModule.toolbox\importingModule\MC.tla
Parsing file C:\toolbox\projects\importingModule.toolbox\importingModule\importingModule.tla
Parsing file C:\toolbox\plugins\org.lamport.tlatools_1.0.0.202011242241\tla2sany\StandardModules\TLC.tla
Parsing file C:\toolbox\projects\importingModule.toolbox\importingModule\importedModule.tla
Parsing file C:\toolbox\plugins\org.lamport.tlatools_1.0.0.202011242241\tla2sany\StandardModules\Naturals.tla
Parsing file C:\toolbox\plugins\org.lamport.tlatools_1.0.0.202011242241\tla2sany\StandardModules\Sequences.tla
Parsing file C:\cygwin\usr\local\lib\tlaps\FiniteSets.tla
Semantic processing of module importedModule
Semantic processing of module importingModule
Semantic processing of module Naturals
Semantic processing of module Sequences
Semantic processing of module FiniteSets
Semantic processing of module TLC
Semantic processing of module MC
@!@!@STARTMSG 2219:0 @!@!@
SANY finished.
@!@!@ENDMSG 2219 @!@!@
@!@!@STARTMSG 2185:0 @!@!@
Starting... (2020-12-12 20:23:05)
@!@!@ENDMSG 2185 @!@!@
@!@!@STARTMSG 2189:0 @!@!@
Computing initial states...
@!@!@ENDMSG 2189 @!@!@
@!@!@STARTMSG 2190:0 @!@!@
Finished computing initial states: 1 distinct state generated at 2020-12-12 20:23:06.
@!@!@ENDMSG 2190 @!@!@
@!@!@STARTMSG 2193:0 @!@!@
Model checking completed. No error has been found.
  Estimates of the probability that TLC did not check all reachable states
  because two distinct states had the same fingerprint:
  calculated (optimistic):  val = 5.4E-20
@!@!@ENDMSG 2193 @!@!@
@!@!@STARTMSG 2201:0 @!@!@
The coverage statistics at 2020-12-12 20:23:06
@!@!@ENDMSG 2201 @!@!@
@!@!@STARTMSG 2773:0 @!@!@
<Init line 6, col 1 to line 6, col 4 of module importedModule>: 1:1
@!@!@ENDMSG 2773 @!@!@
@!@!@STARTMSG 2221:0 @!@!@
  line 7, col 5 to line 7, col 12 of module importedModule: 1
@!@!@ENDMSG 2221 @!@!@
@!@!@STARTMSG 2772:0 @!@!@
<Next line 9, col 1 to line 9, col 4 of module importedModule>: 0:1
@!@!@ENDMSG 2772 @!@!@
@!@!@STARTMSG 2221:0 @!@!@
  line 10, col 5 to line 10, col 13 of module importedModule: 1
@!@!@ENDMSG 2221 @!@!@
@!@!@STARTMSG 2202:0 @!@!@
End of statistics.
@!@!@ENDMSG 2202 @!@!@
@!@!@STARTMSG 2200:0 @!@!@
Progress(1) at 2020-12-12 20:23:06: 2 states generated (133 s/min), 1 distinct states found (66 ds/min), 0 states left on queue.
@!@!@ENDMSG 2200 @!@!@
@!@!@STARTMSG 2199:0 @!@!@
2 states generated, 1 distinct states found, 0 states left on queue.
@!@!@ENDMSG 2199 @!@!@
@!@!@STARTMSG 2194:0 @!@!@
The depth of the complete state graph search is 1.
@!@!@ENDMSG 2194 @!@!@
@!@!@STARTMSG 2268:0 @!@!@
The average outdegree of the complete state graph is 0 (minimum is 0, the maximum 0 and the 95th percentile is 0).
@!@!@ENDMSG 2268 @!@!@
@!@!@STARTMSG 2186:0 @!@!@
Finished in 909ms at (2020-12-12 20:23:06)
@!@!@ENDMSG 2186 @!@!@
