@!@!@STARTMSG 2262:0 @!@!@
TLC2 Version 2.15 of Day Month 20?? (rev: 68d4252)
@!@!@ENDMSG 2262 @!@!@
@!@!@STARTMSG 2187:0 @!@!@
Running breadth-first search Model-Checking with fp 3 and seed -6865895504023860939 with 6 workers on 12 cores with 1211MB heap and 2721MB offheap memory [pid: 16928] (Windows 10 10.0 amd64, AdoptOpenJDK 14.0.1 x86_64, OffHeapDiskFPSet, DiskStateQueue).
@!@!@ENDMSG 2187 @!@!@
@!@!@STARTMSG 2220:0 @!@!@
Starting SANY...
@!@!@ENDMSG 2220 @!@!@
Parsing file D:\tla+projects\dieharder_pluscal.toolbox\dieharder_pluscal\MC.tla
Parsing file D:\tla+projects\dieharder_pluscal.toolbox\dieharder_pluscal\dieharder_pluscal.tla
Labels added.
Parsing file C:\toolbox\plugins\org.lamport.tlatools_1.0.0.202012110300\tla2sany\StandardModules\TLC.tla
Parsing file C:\toolbox\plugins\org.lamport.tlatools_1.0.0.202012110300\tla2sany\StandardModules\Naturals.tla
Parsing file C:\toolbox\plugins\org.lamport.tlatools_1.0.0.202012110300\tla2sany\StandardModules\Sequences.tla
Parsing file C:\cygwin\usr\local\lib\tlaps\FiniteSets.tla
Semantic processing of module Naturals
Semantic processing of module dieharder_pluscal
Semantic processing of module Sequences
Semantic processing of module FiniteSets
Semantic processing of module TLC
Semantic processing of module MC
@!@!@STARTMSG 2219:0 @!@!@
SANY finished.
@!@!@ENDMSG 2219 @!@!@
@!@!@STARTMSG 2185:0 @!@!@
Starting... (2020-12-17 22:38:43)
@!@!@ENDMSG 2185 @!@!@
@!@!@STARTMSG 2189:0 @!@!@
Computing initial states...
@!@!@ENDMSG 2189 @!@!@
@!@!@STARTMSG 2190:0 @!@!@
Finished computing initial states: 1 distinct state generated at 2020-12-17 22:38:44.
@!@!@ENDMSG 2190 @!@!@
@!@!@STARTMSG 2110:1 @!@!@
Invariant NotSolved is violated.
@!@!@ENDMSG 2110 @!@!@
@!@!@STARTMSG 2121:1 @!@!@
The behavior up to this point is:
@!@!@ENDMSG 2121 @!@!@
@!@!@STARTMSG 2217:4 @!@!@
1: <Initial predicate>
contents = [j3 |-> 0, j5 |-> 0]

@!@!@ENDMSG 2217 @!@!@
@!@!@STARTMSG 2217:4 @!@!@
2: <Next line 37, col 14 to line 37, col 64 of module dieharder_pluscal>
contents = [j3 |-> 3, j5 |-> 0]

@!@!@ENDMSG 2217 @!@!@
@!@!@STARTMSG 2217:4 @!@!@
3: <Next line 39, col 14 to line 42, col 83 of module dieharder_pluscal>
contents = [j3 |-> 0, j5 |-> 3]

@!@!@ENDMSG 2217 @!@!@
@!@!@STARTMSG 2217:4 @!@!@
4: <Next line 37, col 14 to line 37, col 64 of module dieharder_pluscal>
contents = [j3 |-> 3, j5 |-> 3]

@!@!@ENDMSG 2217 @!@!@
@!@!@STARTMSG 2217:4 @!@!@
5: <Next line 39, col 14 to line 42, col 83 of module dieharder_pluscal>
contents = [j3 |-> 1, j5 |-> 5]

@!@!@ENDMSG 2217 @!@!@
@!@!@STARTMSG 2217:4 @!@!@
6: <Next line 38, col 14 to line 38, col 54 of module dieharder_pluscal>
contents = [j3 |-> 1, j5 |-> 0]

@!@!@ENDMSG 2217 @!@!@
@!@!@STARTMSG 2217:4 @!@!@
7: <Next line 39, col 14 to line 42, col 83 of module dieharder_pluscal>
contents = [j3 |-> 0, j5 |-> 1]

@!@!@ENDMSG 2217 @!@!@
@!@!@STARTMSG 2217:4 @!@!@
8: <Next line 37, col 14 to line 37, col 64 of module dieharder_pluscal>
contents = [j3 |-> 3, j5 |-> 1]

@!@!@ENDMSG 2217 @!@!@
@!@!@STARTMSG 2217:4 @!@!@
9: <Next line 39, col 14 to line 42, col 83 of module dieharder_pluscal>
contents = [j3 |-> 0, j5 |-> 4]

@!@!@ENDMSG 2217 @!@!@
@!@!@STARTMSG 2201:0 @!@!@
The coverage statistics at 2020-12-17 22:38:44
@!@!@ENDMSG 2201 @!@!@
@!@!@STARTMSG 2773:0 @!@!@
<Init line 33, col 1 to line 33, col 4 of module dieharder_pluscal>: 2:2
@!@!@ENDMSG 2773 @!@!@
@!@!@STARTMSG 2221:0 @!@!@
  line 34, col 9 to line 34, col 39 of module dieharder_pluscal: 2
@!@!@ENDMSG 2221 @!@!@
@!@!@STARTMSG 2772:0 @!@!@
<Next line 36, col 1 to line 36, col 4 of module dieharder_pluscal (37 14 37 64)>: 6:36
@!@!@ENDMSG 2772 @!@!@
@!@!@STARTMSG 2221:0 @!@!@
  line 37, col 14 to line 37, col 64 of module dieharder_pluscal: 36
@!@!@ENDMSG 2221 @!@!@
@!@!@STARTMSG 2772:0 @!@!@
<Next line 36, col 1 to line 36, col 4 of module dieharder_pluscal (38 14 38 54)>: 2:33
@!@!@ENDMSG 2772 @!@!@
@!@!@STARTMSG 2221:0 @!@!@
  line 38, col 14 to line 38, col 54 of module dieharder_pluscal: 33
@!@!@ENDMSG 2221 @!@!@
@!@!@STARTMSG 2772:0 @!@!@
<Next line 36, col 1 to line 36, col 4 of module dieharder_pluscal (39 14 42 83)>: 7:32
@!@!@ENDMSG 2772 @!@!@
@!@!@STARTMSG 2221:0 @!@!@
  line 41, col 21 to line 42, col 83 of module dieharder_pluscal: 30
@!@!@ENDMSG 2221 @!@!@
@!@!@STARTMSG 2221:0 @!@!@
  |line 41, col 33 to line 42, col 83 of module dieharder_pluscal: 32
@!@!@ENDMSG 2221 @!@!@
@!@!@STARTMSG 2221:0 @!@!@
  ||line 41, col 34 to line 41, col 41 of module dieharder_pluscal: 32
@!@!@ENDMSG 2221 @!@!@
@!@!@STARTMSG 2221:0 @!@!@
  ||line 41, col 50 to line 41, col 82 of module dieharder_pluscal: 32
@!@!@ENDMSG 2221 @!@!@
@!@!@STARTMSG 2221:0 @!@!@
  ||line 41, col 57 to line 41, col 82 of module dieharder_pluscal: 32
@!@!@ENDMSG 2221 @!@!@
@!@!@STARTMSG 2221:0 @!@!@
  |||line 41, col 57 to line 41, col 67 of module dieharder_pluscal: 32
@!@!@ENDMSG 2221 @!@!@
@!@!@STARTMSG 2221:0 @!@!@
  |||line 41, col 71 to line 41, col 82 of module dieharder_pluscal: 32
@!@!@ENDMSG 2221 @!@!@
@!@!@STARTMSG 2221:0 @!@!@
  ||||line 40, col 39 to line 40, col 79 of module dieharder_pluscal: 32
@!@!@ENDMSG 2221 @!@!@
@!@!@STARTMSG 2221:0 @!@!@
  |||||line 8, col 13 to line 8, col 34 of module dieharder_pluscal: 32
@!@!@ENDMSG 2221 @!@!@
@!@!@STARTMSG 2221:0 @!@!@
  ||||||line 8, col 16 to line 8, col 20 of module dieharder_pluscal: 32
@!@!@ENDMSG 2221 @!@!@
@!@!@STARTMSG 2221:0 @!@!@
  ||||||line 8, col 27 to line 8, col 27 of module dieharder_pluscal: 16
@!@!@ENDMSG 2221 @!@!@
@!@!@STARTMSG 2221:0 @!@!@
  ||||||line 8, col 34 to line 8, col 34 of module dieharder_pluscal: 16
@!@!@ENDMSG 2221 @!@!@
@!@!@STARTMSG 2221:0 @!@!@
  |||||line 40, col 43 to line 40, col 53 of module dieharder_pluscal: 32
@!@!@ENDMSG 2221 @!@!@
@!@!@STARTMSG 2221:0 @!@!@
  |||||line 40, col 56 to line 40, col 78 of module dieharder_pluscal: 32
@!@!@ENDMSG 2221 @!@!@
@!@!@STARTMSG 2221:0 @!@!@
  ||line 42, col 50 to line 42, col 82 of module dieharder_pluscal: 32
@!@!@ENDMSG 2221 @!@!@
@!@!@STARTMSG 2221:0 @!@!@
  ||line 42, col 57 to line 42, col 82 of module dieharder_pluscal: 32
@!@!@ENDMSG 2221 @!@!@
@!@!@STARTMSG 2221:0 @!@!@
  |||line 42, col 57 to line 42, col 67 of module dieharder_pluscal: 32
@!@!@ENDMSG 2221 @!@!@
@!@!@STARTMSG 2221:0 @!@!@
  |||line 42, col 71 to line 42, col 82 of module dieharder_pluscal: 32
@!@!@ENDMSG 2221 @!@!@
@!@!@STARTMSG 2221:0 @!@!@
  ||||line 40, col 39 to line 40, col 79 of module dieharder_pluscal: 32
@!@!@ENDMSG 2221 @!@!@
@!@!@STARTMSG 2221:0 @!@!@
  |||||line 8, col 13 to line 8, col 34 of module dieharder_pluscal: 32
@!@!@ENDMSG 2221 @!@!@
@!@!@STARTMSG 2221:0 @!@!@
  ||||||line 8, col 16 to line 8, col 20 of module dieharder_pluscal: 32
@!@!@ENDMSG 2221 @!@!@
@!@!@STARTMSG 2221:0 @!@!@
  ||||||line 8, col 27 to line 8, col 27 of module dieharder_pluscal: 16
@!@!@ENDMSG 2221 @!@!@
@!@!@STARTMSG 2221:0 @!@!@
  ||||||line 8, col 34 to line 8, col 34 of module dieharder_pluscal: 16
@!@!@ENDMSG 2221 @!@!@
@!@!@STARTMSG 2221:0 @!@!@
  |||||line 40, col 43 to line 40, col 53 of module dieharder_pluscal: 32
@!@!@ENDMSG 2221 @!@!@
@!@!@STARTMSG 2221:0 @!@!@
  |||||line 40, col 56 to line 40, col 78 of module dieharder_pluscal: 32
@!@!@ENDMSG 2221 @!@!@
@!@!@STARTMSG 2221:0 @!@!@
  line 39, col 26 to line 39, col 34 of module dieharder_pluscal: 32
@!@!@ENDMSG 2221 @!@!@
@!@!@STARTMSG 2774:0 @!@!@
<NotSolved line 48, col 1 to line 48, col 9 of module dieharder_pluscal>
@!@!@ENDMSG 2774 @!@!@
@!@!@STARTMSG 2221:0 @!@!@
  line 48, col 14 to line 48, col 46 of module dieharder_pluscal: 16
@!@!@ENDMSG 2221 @!@!@
@!@!@STARTMSG 2221:0 @!@!@
  |line 48, col 29 to line 48, col 46 of module dieharder_pluscal: 32
@!@!@ENDMSG 2221 @!@!@
@!@!@STARTMSG 2221:0 @!@!@
  |line 48, col 23 to line 48, col 25 of module dieharder_pluscal: 16
@!@!@ENDMSG 2221 @!@!@
@!@!@STARTMSG 2202:0 @!@!@
End of statistics.
@!@!@ENDMSG 2202 @!@!@
@!@!@STARTMSG 2200:0 @!@!@
Progress(9) at 2020-12-17 22:38:44: 82 states generated (6,180 s/min), 16 distinct states found (1,206 ds/min), 0 states left on queue.
@!@!@ENDMSG 2200 @!@!@
@!@!@STARTMSG 2199:0 @!@!@
82 states generated, 16 distinct states found, 0 states left on queue.
@!@!@ENDMSG 2199 @!@!@
@!@!@STARTMSG 2194:0 @!@!@
The depth of the complete state graph search is 9.
@!@!@ENDMSG 2194 @!@!@
@!@!@STARTMSG 2186:0 @!@!@
Finished in 802ms at (2020-12-17 22:38:44)
@!@!@ENDMSG 2186 @!@!@
