@!@!@STARTMSG 2262:0 @!@!@
TLC2 Version 2.15 of Day Month 20?? (rev: e389d55)
@!@!@ENDMSG 2262 @!@!@
@!@!@STARTMSG 2187:0 @!@!@
Running breadth-first search Model-Checking with fp 34 and seed 7663492061344821256 with 6 workers on 12 cores with 1211MB heap and 2721MB offheap memory [pid: 8152] (Windows 10 10.0 amd64, AdoptOpenJDK 14.0.1 x86_64, OffHeapDiskFPSet, DiskStateQueue).
@!@!@ENDMSG 2187 @!@!@
@!@!@STARTMSG 2220:0 @!@!@
Starting SANY...
@!@!@ENDMSG 2220 @!@!@
Parsing file C:\toolbox\projects\queens.toolbox\queens\MC.tla
Parsing file C:\toolbox\projects\queens.toolbox\queens\queens.tla
Parsing file C:\toolbox\plugins\org.lamport.tlatools_1.0.0.202011242241\tla2sany\StandardModules\TLC.tla
Parsing file C:\toolbox\plugins\org.lamport.tlatools_1.0.0.202011242241\tla2sany\StandardModules\Naturals.tla
Parsing file C:\toolbox\plugins\org.lamport.tlatools_1.0.0.202011242241\tla2sany\StandardModules\Sequences.tla
Parsing file C:\toolbox\plugins\org.lamport.tlatools_1.0.0.202011242241\tla2sany\StandardModules\FiniteSets.tla
Semantic processing of module Naturals
Semantic processing of module Sequences
Semantic processing of module queens
Semantic processing of module FiniteSets
Semantic processing of module TLC
Semantic processing of module MC
@!@!@STARTMSG 2219:0 @!@!@
SANY finished.
@!@!@ENDMSG 2219 @!@!@
@!@!@STARTMSG 2185:0 @!@!@
Starting... (2020-12-06 14:42:59)
@!@!@ENDMSG 2185 @!@!@
@!@!@STARTMSG 2212:0 @!@!@
Implied-temporal checking--satisfiability problem has 1 branches.
@!@!@ENDMSG 2212 @!@!@
@!@!@STARTMSG 2189:0 @!@!@
Computing initial states...
@!@!@ENDMSG 2189 @!@!@
@!@!@STARTMSG 2190:0 @!@!@
Finished computing initial states: 1 distinct state generated at 2020-12-06 14:43:00.
@!@!@ENDMSG 2190 @!@!@
@!@!@STARTMSG 2114:1 @!@!@
Deadlock reached.
@!@!@ENDMSG 2114 @!@!@
@!@!@STARTMSG 2121:1 @!@!@
The behavior up to this point is:
@!@!@ENDMSG 2121 @!@!@
@!@!@STARTMSG 2217:4 @!@!@
1: <Initial predicate>
/\ todo = {<<>>}
/\ sols = {}

@!@!@ENDMSG 2217 @!@!@
@!@!@STARTMSG 2217:4 @!@!@
2: <PlaceQueen line 50, col 15 to line 62, col 26 of module queens>
/\ todo = {<<1>>, <<2>>, <<3>>, <<4>>}
/\ sols = {}

@!@!@ENDMSG 2217 @!@!@
@!@!@STARTMSG 2217:4 @!@!@
3: <PlaceQueen line 50, col 15 to line 62, col 26 of module queens>
/\ todo = {<<2>>, <<3>>, <<4>>, <<1, 3>>, <<1, 4>>}
/\ sols = {}

@!@!@ENDMSG 2217 @!@!@
@!@!@STARTMSG 2217:4 @!@!@
4: <PlaceQueen line 50, col 15 to line 62, col 26 of module queens>
/\ todo = {<<3>>, <<4>>, <<1, 3>>, <<1, 4>>, <<2, 4>>}
/\ sols = {}

@!@!@ENDMSG 2217 @!@!@
@!@!@STARTMSG 2217:4 @!@!@
5: <PlaceQueen line 50, col 15 to line 62, col 26 of module queens>
/\ todo = {<<4>>, <<1, 3>>, <<1, 4>>, <<2, 4>>, <<3, 1>>}
/\ sols = {}

@!@!@ENDMSG 2217 @!@!@
@!@!@STARTMSG 2217:4 @!@!@
6: <PlaceQueen line 50, col 15 to line 62, col 26 of module queens>
/\ todo = {<<1, 3>>, <<1, 4>>, <<2, 4>>, <<3, 1>>, <<4, 1>>, <<4, 2>>}
/\ sols = {}

@!@!@ENDMSG 2217 @!@!@
@!@!@STARTMSG 2217:4 @!@!@
7: <PlaceQueen line 50, col 15 to line 62, col 26 of module queens>
/\ todo = {<<1, 4>>, <<2, 4>>, <<3, 1>>, <<4, 1>>, <<4, 2>>}
/\ sols = {}

@!@!@ENDMSG 2217 @!@!@
@!@!@STARTMSG 2217:4 @!@!@
8: <PlaceQueen line 50, col 15 to line 62, col 26 of module queens>
/\ todo = {<<2, 4>>, <<3, 1>>, <<4, 1>>, <<4, 2>>, <<1, 4, 2>>}
/\ sols = {}

@!@!@ENDMSG 2217 @!@!@
@!@!@STARTMSG 2217:4 @!@!@
9: <PlaceQueen line 50, col 15 to line 62, col 26 of module queens>
/\ todo = {<<3, 1>>, <<4, 1>>, <<4, 2>>, <<1, 4, 2>>, <<2, 4, 1>>}
/\ sols = {}

@!@!@ENDMSG 2217 @!@!@
@!@!@STARTMSG 2217:4 @!@!@
10: <PlaceQueen line 50, col 15 to line 62, col 26 of module queens>
/\ todo = {<<4, 1>>, <<4, 2>>, <<1, 4, 2>>, <<2, 4, 1>>, <<3, 1, 4>>}
/\ sols = {}

@!@!@ENDMSG 2217 @!@!@
@!@!@STARTMSG 2217:4 @!@!@
11: <PlaceQueen line 50, col 15 to line 62, col 26 of module queens>
/\ todo = {<<4, 2>>, <<1, 4, 2>>, <<2, 4, 1>>, <<3, 1, 4>>, <<4, 1, 3>>}
/\ sols = {}

@!@!@ENDMSG 2217 @!@!@
@!@!@STARTMSG 2217:4 @!@!@
12: <PlaceQueen line 50, col 15 to line 62, col 26 of module queens>
/\ todo = {<<4, 2>>, <<2, 4, 1>>, <<3, 1, 4>>, <<4, 1, 3>>}
/\ sols = {}

@!@!@ENDMSG 2217 @!@!@
@!@!@STARTMSG 2217:4 @!@!@
13: <PlaceQueen line 50, col 15 to line 62, col 26 of module queens>
/\ todo = {<<4, 2>>, <<3, 1, 4>>, <<4, 1, 3>>}
/\ sols = {<<2, 4, 1, 3>>}

@!@!@ENDMSG 2217 @!@!@
@!@!@STARTMSG 2217:4 @!@!@
14: <PlaceQueen line 50, col 15 to line 62, col 26 of module queens>
/\ todo = {<<3, 1, 4>>, <<4, 1, 3>>}
/\ sols = {<<2, 4, 1, 3>>}

@!@!@ENDMSG 2217 @!@!@
@!@!@STARTMSG 2217:4 @!@!@
15: <PlaceQueen line 50, col 15 to line 62, col 26 of module queens>
/\ todo = {<<4, 1, 3>>}
/\ sols = {<<2, 4, 1, 3>>, <<3, 1, 4, 2>>}

@!@!@ENDMSG 2217 @!@!@
@!@!@STARTMSG 2217:4 @!@!@
16: <PlaceQueen line 50, col 15 to line 62, col 26 of module queens>
/\ todo = {}
/\ sols = {<<2, 4, 1, 3>>, <<3, 1, 4, 2>>}

@!@!@ENDMSG 2217 @!@!@
@!@!@STARTMSG 2201:0 @!@!@
The coverage statistics at 2020-12-06 14:43:00
@!@!@ENDMSG 2201 @!@!@
@!@!@STARTMSG 2773:0 @!@!@
<Init line 47, col 1 to line 47, col 4 of module queens>: 2:2
@!@!@ENDMSG 2773 @!@!@
@!@!@STARTMSG 2221:0 @!@!@
  line 47, col 9 to line 48, col 20 of module queens: 2
@!@!@ENDMSG 2221 @!@!@
@!@!@STARTMSG 2772:0 @!@!@
<PlaceQueen line 50, col 1 to line 50, col 10 of module queens>: 784:3030
@!@!@ENDMSG 2772 @!@!@
@!@!@STARTMSG 2221:0 @!@!@
  line 58, col 10 to line 58, col 17 of module queens: 3030
@!@!@ENDMSG 2221 @!@!@
@!@!@STARTMSG 2221:0 @!@!@
  line 59, col 15 to line 59, col 37 of module queens: 858
@!@!@ENDMSG 2221 @!@!@
@!@!@STARTMSG 2221:0 @!@!@
  line 60, col 15 to line 60, col 38 of module queens: 858
@!@!@ENDMSG 2221 @!@!@
@!@!@STARTMSG 2221:0 @!@!@
  |line 60, col 23 to line 60, col 38 of module queens: 858
@!@!@ENDMSG 2221 @!@!@
@!@!@STARTMSG 2221:0 @!@!@
  ||line 60, col 23 to line 60, col 26 of module queens: 858
@!@!@ENDMSG 2221 @!@!@
@!@!@STARTMSG 2221:0 @!@!@
  ||line 60, col 35 to line 60, col 38 of module queens: 858
@!@!@ENDMSG 2221 @!@!@
@!@!@STARTMSG 2775:0 @!@!@
  |||line 57, col 15 to line 57, col 48 of module queens: 858:2331
@!@!@ENDMSG 2775 @!@!@
@!@!@STARTMSG 2221:0 @!@!@
  ||||line 57, col 17 to line 57, col 33 of module queens: 401
@!@!@ENDMSG 2221 @!@!@
@!@!@STARTMSG 2221:0 @!@!@
  ||||line 57, col 43 to line 57, col 46 of module queens: 858
@!@!@ENDMSG 2221 @!@!@
@!@!@STARTMSG 2775:0 @!@!@
  |||||line 55, col 15 to line 56, col 73 of module queens: 858:1259
@!@!@ENDMSG 2775 @!@!@
@!@!@STARTMSG 2221:0 @!@!@
  ||||||line 55, col 30 to line 56, col 71 of module queens: 3432
@!@!@ENDMSG 2221 @!@!@
@!@!@STARTMSG 2221:0 @!@!@
  |||||||line 55, col 32 to line 56, col 71 of module queens: 3432
@!@!@ENDMSG 2221 @!@!@
@!@!@STARTMSG 2221:0 @!@!@
  ||||||||line 56, col 35 to line 56, col 71 of module queens: 6808
@!@!@ENDMSG 2221 @!@!@
@!@!@STARTMSG 2221:0 @!@!@
  |||||||||line 20, col 3 to line 22, col 34 of module queens: 6808
@!@!@ENDMSG 2221 @!@!@
@!@!@STARTMSG 2221:0 @!@!@
  ||||||||||line 20, col 6 to line 20, col 26 of module queens: 6808
@!@!@ENDMSG 2221 @!@!@
@!@!@STARTMSG 2221:0 @!@!@
  ||||||||||line 21, col 6 to line 21, col 34 of module queens: 5148
@!@!@ENDMSG 2221 @!@!@
@!@!@STARTMSG 2221:0 @!@!@
  ||||||||||line 22, col 6 to line 22, col 34 of module queens: 4463
@!@!@ENDMSG 2221 @!@!@
@!@!@STARTMSG 2221:0 @!@!@
  |||||||||line 56, col 44 to line 56, col 60 of module queens: 6808
@!@!@ENDMSG 2221 @!@!@
@!@!@STARTMSG 2221:0 @!@!@
  |||||||||line 56, col 63 to line 56, col 63 of module queens: 6808
@!@!@ENDMSG 2221 @!@!@
@!@!@STARTMSG 2221:0 @!@!@
  |||||||||line 56, col 66 to line 56, col 69 of module queens: 6808
@!@!@ENDMSG 2221 @!@!@
@!@!@STARTMSG 2221:0 @!@!@
  ||||||||line 55, col 41 to line 55, col 56 of module queens: 3432
@!@!@ENDMSG 2221 @!@!@
@!@!@STARTMSG 2221:0 @!@!@
  ||||||line 55, col 23 to line 55, col 26 of module queens: 858
@!@!@ENDMSG 2221 @!@!@
@!@!@STARTMSG 2221:0 @!@!@
  line 61, col 15 to line 61, col 51 of module queens: 2172
@!@!@ENDMSG 2221 @!@!@
@!@!@STARTMSG 2221:0 @!@!@
  |line 61, col 23 to line 61, col 51 of module queens: 2172
@!@!@ENDMSG 2221 @!@!@
@!@!@STARTMSG 2221:0 @!@!@
  ||line 61, col 24 to line 61, col 38 of module queens: 2172
@!@!@ENDMSG 2221 @!@!@
@!@!@STARTMSG 2221:0 @!@!@
  ||line 61, col 48 to line 61, col 51 of module queens: 2172
@!@!@ENDMSG 2221 @!@!@
@!@!@STARTMSG 2775:0 @!@!@
  |||line 57, col 15 to line 57, col 48 of module queens: 2172:3909
@!@!@ENDMSG 2775 @!@!@
@!@!@STARTMSG 2221:0 @!@!@
  ||||line 57, col 17 to line 57, col 33 of module queens: 1723
@!@!@ENDMSG 2221 @!@!@
@!@!@STARTMSG 2221:0 @!@!@
  ||||line 57, col 43 to line 57, col 46 of module queens: 2172
@!@!@ENDMSG 2221 @!@!@
@!@!@STARTMSG 2775:0 @!@!@
  |||||line 55, col 15 to line 56, col 73 of module queens: 2172:3895
@!@!@ENDMSG 2775 @!@!@
@!@!@STARTMSG 2221:0 @!@!@
  ||||||line 55, col 30 to line 56, col 71 of module queens: 8688
@!@!@ENDMSG 2221 @!@!@
@!@!@STARTMSG 2221:0 @!@!@
  |||||||line 55, col 32 to line 56, col 71 of module queens: 8688
@!@!@ENDMSG 2221 @!@!@
@!@!@STARTMSG 2221:0 @!@!@
  ||||||||line 56, col 35 to line 56, col 71 of module queens: 11768
@!@!@ENDMSG 2221 @!@!@
@!@!@STARTMSG 2221:0 @!@!@
  |||||||||line 20, col 3 to line 22, col 34 of module queens: 11768
@!@!@ENDMSG 2221 @!@!@
@!@!@STARTMSG 2221:0 @!@!@
  ||||||||||line 20, col 6 to line 20, col 26 of module queens: 11768
@!@!@ENDMSG 2221 @!@!@
@!@!@STARTMSG 2221:0 @!@!@
  ||||||||||line 21, col 6 to line 21, col 34 of module queens: 9140
@!@!@ENDMSG 2221 @!@!@
@!@!@STARTMSG 2221:0 @!@!@
  ||||||||||line 22, col 6 to line 22, col 34 of module queens: 6975
@!@!@ENDMSG 2221 @!@!@
@!@!@STARTMSG 2221:0 @!@!@
  |||||||||line 56, col 44 to line 56, col 60 of module queens: 11768
@!@!@ENDMSG 2221 @!@!@
@!@!@STARTMSG 2221:0 @!@!@
  |||||||||line 56, col 63 to line 56, col 63 of module queens: 11768
@!@!@ENDMSG 2221 @!@!@
@!@!@STARTMSG 2221:0 @!@!@
  |||||||||line 56, col 66 to line 56, col 69 of module queens: 11768
@!@!@ENDMSG 2221 @!@!@
@!@!@STARTMSG 2221:0 @!@!@
  ||||||||line 55, col 41 to line 55, col 56 of module queens: 8688
@!@!@ENDMSG 2221 @!@!@
@!@!@STARTMSG 2221:0 @!@!@
  ||||||line 55, col 23 to line 55, col 26 of module queens: 2172
@!@!@ENDMSG 2221 @!@!@
@!@!@STARTMSG 2221:0 @!@!@
  line 62, col 15 to line 62, col 26 of module queens: 2172
@!@!@ENDMSG 2221 @!@!@
@!@!@STARTMSG 2221:0 @!@!@
  line 50, col 29 to line 50, col 32 of module queens: 800
@!@!@ENDMSG 2221 @!@!@
@!@!@STARTMSG 2774:0 @!@!@
<TypeInvariant line 67, col 1 to line 67, col 13 of module queens>
@!@!@ENDMSG 2774 @!@!@
@!@!@STARTMSG 2221:0 @!@!@
  line 68, col 3 to line 69, col 62 of module queens: 785
@!@!@ENDMSG 2221 @!@!@
@!@!@STARTMSG 2221:0 @!@!@
  |line 68, col 6 to line 68, col 62 of module queens: 785
@!@!@ENDMSG 2221 @!@!@
@!@!@STARTMSG 2221:0 @!@!@
  ||line 68, col 6 to line 68, col 32 of module queens: 785
@!@!@ENDMSG 2221 @!@!@
@!@!@STARTMSG 2221:0 @!@!@
  ||line 68, col 37 to line 68, col 62 of module queens: 785
@!@!@ENDMSG 2221 @!@!@
@!@!@STARTMSG 2221:0 @!@!@
  |||line 68, col 53 to line 68, col 62 of module queens: 2969
@!@!@ENDMSG 2221 @!@!@
@!@!@STARTMSG 2221:0 @!@!@
  |||line 68, col 46 to line 68, col 49 of module queens: 785
@!@!@ENDMSG 2221 @!@!@
@!@!@STARTMSG 2221:0 @!@!@
  |line 69, col 6 to line 69, col 62 of module queens: 785
@!@!@ENDMSG 2221 @!@!@
@!@!@STARTMSG 2221:0 @!@!@
  ||line 69, col 6 to line 69, col 32 of module queens: 785
@!@!@ENDMSG 2221 @!@!@
@!@!@STARTMSG 2221:0 @!@!@
  ||line 69, col 37 to line 69, col 62 of module queens: 785
@!@!@ENDMSG 2221 @!@!@
@!@!@STARTMSG 2221:0 @!@!@
  |||line 69, col 53 to line 69, col 62 of module queens: 392
@!@!@ENDMSG 2221 @!@!@
@!@!@STARTMSG 2221:0 @!@!@
  |||line 69, col 46 to line 69, col 49 of module queens: 785
@!@!@ENDMSG 2221 @!@!@
@!@!@STARTMSG 2774:0 @!@!@
<Invariant line 73, col 1 to line 73, col 9 of module queens>
@!@!@ENDMSG 2774 @!@!@
@!@!@STARTMSG 2221:0 @!@!@
  line 74, col 3 to line 75, col 42 of module queens: 785
@!@!@ENDMSG 2221 @!@!@
@!@!@STARTMSG 2221:0 @!@!@
  |line 74, col 6 to line 74, col 29 of module queens: 785
@!@!@ENDMSG 2221 @!@!@
@!@!@STARTMSG 2221:0 @!@!@
  |line 75, col 6 to line 75, col 42 of module queens: 785
@!@!@ENDMSG 2221 @!@!@
@!@!@STARTMSG 2221:0 @!@!@
  ||line 75, col 6 to line 75, col 14 of module queens: 785
@!@!@ENDMSG 2221 @!@!@
@!@!@STARTMSG 2221:0 @!@!@
  ||line 75, col 19 to line 75, col 42 of module queens: 1
@!@!@ENDMSG 2221 @!@!@
@!@!@STARTMSG 2202:0 @!@!@
End of statistics.
@!@!@ENDMSG 2202 @!@!@
@!@!@STARTMSG 2200:0 @!@!@
Progress(16) at 2020-12-06 14:43:00: 2,970 states generated (178,736 s/min), 785 distinct states found (47,241 ds/min), 0 states left on queue.
@!@!@ENDMSG 2200 @!@!@
@!@!@STARTMSG 2199:0 @!@!@
2970 states generated, 785 distinct states found, 0 states left on queue.
@!@!@ENDMSG 2199 @!@!@
@!@!@STARTMSG 2194:0 @!@!@
The depth of the complete state graph search is 16.
@!@!@ENDMSG 2194 @!@!@
@!@!@STARTMSG 2186:0 @!@!@
Finished in 1000ms at (2020-12-06 14:43:00)
@!@!@ENDMSG 2186 @!@!@
