@!@!@STARTMSG 2262:0 @!@!@
TLC2 Version 2.15 of Day Month 20?? (rev: 8f0e040b)
@!@!@ENDMSG 2262 @!@!@
@!@!@STARTMSG 2187:0 @!@!@
Running breadth-first search Model-Checking with fp 83 and seed -1958911995406086180 with 6 workers on 12 cores with 1211MB heap and 2721MB offheap memory [pid: 7120] (Windows 10 10.0 amd64, AdoptOpenJDK 14.0.1 x86_64, OffHeapDiskFPSet, DiskStateQueue).
@!@!@ENDMSG 2187 @!@!@
@!@!@STARTMSG 2220:0 @!@!@
Starting SANY...
@!@!@ENDMSG 2220 @!@!@
Parsing file D:\tla+projects\train_sidings.toolbox\train_sidings\MC.tla
Parsing file D:\tla+projects\train_sidings.toolbox\train_sidings\train_sidings.tla
Parsing file C:\toolbox\plugins\org.lamport.tlatools_1.0.0.202012182350\tla2sany\StandardModules\TLC.tla
Parsing file C:\toolbox\plugins\org.lamport.tlatools_1.0.0.202012182350\tla2sany\StandardModules\Naturals.tla
Parsing file C:\toolbox\plugins\org.lamport.tlatools_1.0.0.202012182350\tla2sany\StandardModules\Sequences.tla
Parsing file C:\cygwin\usr\local\lib\tlaps\FiniteSets.tla
Semantic processing of module train_sidings
Semantic processing of module Naturals
Semantic processing of module Sequences
Semantic processing of module FiniteSets
Semantic processing of module TLC
Semantic processing of module MC
@!@!@STARTMSG 2219:0 @!@!@
SANY finished.
@!@!@ENDMSG 2219 @!@!@
@!@!@STARTMSG 2185:0 @!@!@
Starting... (2020-12-21 23:07:50)
@!@!@ENDMSG 2185 @!@!@
@!@!@STARTMSG 2189:0 @!@!@
Computing initial states...
@!@!@ENDMSG 2189 @!@!@
@!@!@STARTMSG 2190:0 @!@!@
Finished computing initial states: 1 distinct state generated at 2020-12-21 23:07:51.
@!@!@ENDMSG 2190 @!@!@
@!@!@STARTMSG 2114:1 @!@!@
Deadlock reached.
@!@!@ENDMSG 2114 @!@!@
@!@!@STARTMSG 2121:1 @!@!@
The behavior up to this point is:
@!@!@ENDMSG 2121 @!@!@
@!@!@STARTMSG 2217:4 @!@!@
1: <Initial predicate>
/\ t1 = "TRACK1"
/\ t2 = "TRACK4"
/\ sw1 = "STRAIGHT"
/\ sw2 = "STRAIGHT"
/\ s1 = "STOP"
/\ s2 = "STOP"
/\ s3 = "STOP"
/\ s4 = "STOP"

@!@!@ENDMSG 2217 @!@!@
@!@!@STARTMSG 2217:4 @!@!@
2: <MoveT1 line 34, col 12 to line 42, col 56 of module train_sidings>
/\ t1 = "SWITCH1"
/\ t2 = "TRACK4"
/\ sw1 = "STRAIGHT"
/\ sw2 = "STRAIGHT"
/\ s1 = "STOP"
/\ s2 = "STOP"
/\ s3 = "STOP"
/\ s4 = "STOP"

@!@!@ENDMSG 2217 @!@!@
@!@!@STARTMSG 2217:4 @!@!@
3: <MoveT1 line 34, col 12 to line 42, col 56 of module train_sidings>
/\ t1 = "TRACK2"
/\ t2 = "TRACK4"
/\ sw1 = "STRAIGHT"
/\ sw2 = "STRAIGHT"
/\ s1 = "STOP"
/\ s2 = "STOP"
/\ s3 = "STOP"
/\ s4 = "STOP"

@!@!@ENDMSG 2217 @!@!@
@!@!@STARTMSG 2217:4 @!@!@
4: <MoveT1 line 34, col 12 to line 42, col 56 of module train_sidings>
/\ t1 = "SWITCH2"
/\ t2 = "TRACK4"
/\ sw1 = "STRAIGHT"
/\ sw2 = "STRAIGHT"
/\ s1 = "STOP"
/\ s2 = "STOP"
/\ s3 = "STOP"
/\ s4 = "STOP"

@!@!@ENDMSG 2217 @!@!@
@!@!@STARTMSG 2217:4 @!@!@
5: <MoveT1 line 34, col 12 to line 42, col 56 of module train_sidings>
/\ t1 = "TRACK4"
/\ t2 = "TRACK4"
/\ sw1 = "STRAIGHT"
/\ sw2 = "STRAIGHT"
/\ s1 = "STOP"
/\ s2 = "STOP"
/\ s3 = "STOP"
/\ s4 = "STOP"

@!@!@ENDMSG 2217 @!@!@
@!@!@STARTMSG 2201:0 @!@!@
The coverage statistics at 2020-12-21 23:07:51
@!@!@ENDMSG 2201 @!@!@
@!@!@STARTMSG 2773:0 @!@!@
<Init line 7, col 1 to line 7, col 4 of module train_sidings>: 2:2
@!@!@ENDMSG 2773 @!@!@
@!@!@STARTMSG 2221:0 @!@!@
  line 7, col 9 to line 14, col 27 of module train_sidings: 2
@!@!@ENDMSG 2221 @!@!@
@!@!@STARTMSG 2772:0 @!@!@
<MoveT1 line 34, col 2 to line 34, col 7 of module train_sidings>: 4:8
@!@!@ENDMSG 2772 @!@!@
@!@!@STARTMSG 2221:0 @!@!@
  line 34, col 21 to line 34, col 33 of module train_sidings: 11
@!@!@ENDMSG 2221 @!@!@
@!@!@STARTMSG 2221:0 @!@!@
  |line 34, col 21 to line 34, col 22 of module train_sidings: 9
@!@!@ENDMSG 2221 @!@!@
@!@!@STARTMSG 2221:0 @!@!@
  line 35, col 21 to line 35, col 35 of module train_sidings: 2
@!@!@ENDMSG 2221 @!@!@
@!@!@STARTMSG 2221:0 @!@!@
  line 36, col 21 to line 36, col 34 of module train_sidings: 11
@!@!@ENDMSG 2221 @!@!@
@!@!@STARTMSG 2221:0 @!@!@
  |line 36, col 21 to line 36, col 22 of module train_sidings: 9
@!@!@ENDMSG 2221 @!@!@
@!@!@STARTMSG 2221:0 @!@!@
  line 37, col 21 to line 37, col 34 of module train_sidings: 2
@!@!@ENDMSG 2221 @!@!@
@!@!@STARTMSG 2221:0 @!@!@
  line 38, col 21 to line 38, col 33 of module train_sidings: 11
@!@!@ENDMSG 2221 @!@!@
@!@!@STARTMSG 2221:0 @!@!@
  |line 38, col 21 to line 38, col 22 of module train_sidings: 9
@!@!@ENDMSG 2221 @!@!@
@!@!@STARTMSG 2221:0 @!@!@
  line 39, col 21 to line 39, col 35 of module train_sidings: 2
@!@!@ENDMSG 2221 @!@!@
@!@!@STARTMSG 2221:0 @!@!@
  line 40, col 21 to line 40, col 34 of module train_sidings: 11
@!@!@ENDMSG 2221 @!@!@
@!@!@STARTMSG 2221:0 @!@!@
  |line 40, col 21 to line 40, col 22 of module train_sidings: 9
@!@!@ENDMSG 2221 @!@!@
@!@!@STARTMSG 2221:0 @!@!@
  line 41, col 21 to line 41, col 34 of module train_sidings: 2
@!@!@ENDMSG 2221 @!@!@
@!@!@STARTMSG 2221:0 @!@!@
  line 42, col 15 to line 42, col 56 of module train_sidings: 8
@!@!@ENDMSG 2221 @!@!@
@!@!@STARTMSG 2772:0 @!@!@
<MoveT2 line 45, col 2 to line 45, col 7 of module train_sidings>: 0:0
@!@!@ENDMSG 2772 @!@!@
@!@!@STARTMSG 2221:0 @!@!@
  line 45, col 21 to line 45, col 33 of module train_sidings: 5
@!@!@ENDMSG 2221 @!@!@
@!@!@STARTMSG 2221:0 @!@!@
  line 46, col 21 to line 46, col 29 of module train_sidings: 5
@!@!@ENDMSG 2221 @!@!@
@!@!@STARTMSG 2221:0 @!@!@
  line 47, col 21 to line 47, col 35 of module train_sidings: 0
@!@!@ENDMSG 2221 @!@!@
@!@!@STARTMSG 2221:0 @!@!@
  line 48, col 21 to line 48, col 34 of module train_sidings: 5
@!@!@ENDMSG 2221 @!@!@
@!@!@STARTMSG 2221:0 @!@!@
  line 49, col 21 to line 49, col 73 of module train_sidings: 0
@!@!@ENDMSG 2221 @!@!@
@!@!@STARTMSG 2221:0 @!@!@
  line 50, col 21 to line 50, col 33 of module train_sidings: 5
@!@!@ENDMSG 2221 @!@!@
@!@!@STARTMSG 2221:0 @!@!@
  line 51, col 21 to line 51, col 35 of module train_sidings: 0
@!@!@ENDMSG 2221 @!@!@
@!@!@STARTMSG 2221:0 @!@!@
  line 52, col 21 to line 52, col 33 of module train_sidings: 5
@!@!@ENDMSG 2221 @!@!@
@!@!@STARTMSG 2221:0 @!@!@
  line 54, col 21 to line 54, col 35 of module train_sidings: 0
@!@!@ENDMSG 2221 @!@!@
@!@!@STARTMSG 2221:0 @!@!@
  line 55, col 21 to line 55, col 34 of module train_sidings: 5
@!@!@ENDMSG 2221 @!@!@
@!@!@STARTMSG 2221:0 @!@!@
  line 56, col 21 to line 56, col 34 of module train_sidings: 0
@!@!@ENDMSG 2221 @!@!@
@!@!@STARTMSG 2221:0 @!@!@
  line 57, col 15 to line 57, col 56 of module train_sidings: 0
@!@!@ENDMSG 2221 @!@!@
@!@!@STARTMSG 2202:0 @!@!@
End of statistics.
@!@!@ENDMSG 2202 @!@!@
@!@!@STARTMSG 2200:0 @!@!@
Progress(5) at 2020-12-21 23:07:51: 5 states generated (412 s/min), 5 distinct states found (412 ds/min), 0 states left on queue.
@!@!@ENDMSG 2200 @!@!@
@!@!@STARTMSG 2199:0 @!@!@
5 states generated, 5 distinct states found, 0 states left on queue.
@!@!@ENDMSG 2199 @!@!@
@!@!@STARTMSG 2194:0 @!@!@
The depth of the complete state graph search is 5.
@!@!@ENDMSG 2194 @!@!@
@!@!@STARTMSG 2186:0 @!@!@
Finished in 732ms at (2020-12-21 23:07:51)
@!@!@ENDMSG 2186 @!@!@
