@!@!@STARTMSG 2262:0 @!@!@
TLC2 Version 2.15 of Day Month 20?? (rev: cf69db9)
@!@!@ENDMSG 2262 @!@!@
@!@!@STARTMSG 2187:0 @!@!@
Running breadth-first search Model-Checking with fp 2 and seed 7645189657549459523 with 6 workers on 12 cores with 1211MB heap and 2721MB offheap memory [pid: 14200] (Windows 10 10.0 amd64, AdoptOpenJDK 14.0.1 x86_64, OffHeapDiskFPSet, DiskStateQueue).
@!@!@ENDMSG 2187 @!@!@
@!@!@STARTMSG 2220:0 @!@!@
Starting SANY...
@!@!@ENDMSG 2220 @!@!@
Parsing file D:\tla+projects\str2.toolbox\str2\MC.tla
Parsing file D:\tla+projects\str2.toolbox\str2\str2.tla
Parsing file C:\toolbox\plugins\org.lamport.tlatools_1.0.0.202012272159\tla2sany\StandardModules\TLC.tla
Parsing file C:\toolbox\plugins\org.lamport.tlatools_1.0.0.202012272159\tla2sany\StandardModules\Integers.tla
Parsing file C:\toolbox\plugins\org.lamport.tlatools_1.0.0.202012272159\tla2sany\StandardModules\Sequences.tla
Parsing file C:\cygwin\usr\local\lib\tlaps\FiniteSets.tla
Parsing file C:\toolbox\plugins\org.lamport.tlatools_1.0.0.202012272159\tla2sany\StandardModules\Naturals.tla
Semantic processing of module Naturals
Semantic processing of module Integers
Semantic processing of module Sequences
Semantic processing of module FiniteSets
Semantic processing of module str2
Semantic processing of module TLC
Semantic processing of module MC
@!@!@STARTMSG 2219:0 @!@!@
SANY finished.
@!@!@ENDMSG 2219 @!@!@
@!@!@STARTMSG 2185:0 @!@!@
Starting... (2021-01-03 11:11:11)
@!@!@ENDMSG 2185 @!@!@
@!@!@STARTMSG 2189:0 @!@!@
Computing initial states...
@!@!@ENDMSG 2189 @!@!@
@!@!@STARTMSG 2102:1 @!@!@
@!@!@STARTMSG 2154:0 @!@!@
Attempted to apply the operator overridden by the Java method
public static tlc2.value.impl.IntValue tlc2.module.FiniteSets.Cardinality(tlc2.value.impl.Value),
but it produced the following error:
Attempted to enumerate { x \in S : p(x) } when S:
( 0 :>
      { [epoch |-> 0, chain |-> <<0>>, sender |-> 0],
        [epoch |-> 0, chain |-> <<0>>, sender |-> 1],
        [epoch |-> 0, chain |-> <<0>>, sender |-> 2] } @@
  1 :>
      { [epoch |-> 0, chain |-> <<0>>, sender |-> 0],
        [epoch |-> 0, chain |-> <<0>>, sender |-> 1],
        [epoch |-> 0, chain |-> <<0>>, sender |-> 2] } @@
  2 :>
      { [epoch |-> 0, chain |-> <<0>>, sender |-> 0],
        [epoch |-> 0, chain |-> <<0>>, sender |-> 1],
        [epoch |-> 0, chain |-> <<0>>, sender |-> 2] } )
is not enumerable
@!@!@ENDMSG 2154 @!@!@
While working on the initial state:
/\ nChain = (0 :> <<>> @@ 1 :> <<>> @@ 2 :> <<>>)
/\ Q = (0 :> {} @@ 1 :> {} @@ 2 :> {})
/\ e = (0 :> 1 @@ 1 :> 1 @@ 2 :> 1)
/\ pc = (0 :> "A" @@ 1 :> "A" @@ 2 :> "A")
/\ Msgs = ( 0 :>
      { [epoch |-> 0, chain |-> <<0>>, sender |-> 0],
        [epoch |-> 0, chain |-> <<0>>, sender |-> 1],
        [epoch |-> 0, chain |-> <<0>>, sender |-> 2] } @@
  1 :>
      { [epoch |-> 0, chain |-> <<0>>, sender |-> 0],
        [epoch |-> 0, chain |-> <<0>>, sender |-> 1],
        [epoch |-> 0, chain |-> <<0>>, sender |-> 2] } @@
  2 :>
      { [epoch |-> 0, chain |-> <<0>>, sender |-> 0],
        [epoch |-> 0, chain |-> <<0>>, sender |-> 1],
        [epoch |-> 0, chain |-> <<0>>, sender |-> 2] } )

@!@!@ENDMSG 2102 @!@!@
@!@!@STARTMSG 2103:1 @!@!@
The error occurred when TLC was evaluating the nested
expressions at the following positions:
0. Line 74, column 9 to line 81, column 42 in str2
1. Line 74, column 12 to line 76, column 77 in str2
2. Line 78, column 12 to line 78, column 45 in str2
3. Line 79, column 12 to line 79, column 37 in str2
4. Line 80, column 12 to line 80, column 38 in str2
5. Line 81, column 12 to line 81, column 42 in str2
6. Line 151, column 15 to line 151, column 75 in str2
7. Line 151, column 35 to line 151, column 75 in str2
8. Line 151, column 35 to line 151, column 71 in str2


@!@!@ENDMSG 2103 @!@!@
@!@!@STARTMSG 2201:0 @!@!@
The coverage statistics at 2021-01-03 11:11:11
@!@!@ENDMSG 2201 @!@!@
@!@!@STARTMSG 2773:0 @!@!@
<Init line 73, col 1 to line 73, col 4 of module str2>: 2:2
@!@!@ENDMSG 2773 @!@!@
@!@!@STARTMSG 2221:0 @!@!@
  line 74, col 9 to line 81, col 42 of module str2: 2
@!@!@ENDMSG 2221 @!@!@
@!@!@STARTMSG 2772:0 @!@!@
<A line 83, col 1 to line 83, col 7 of module str2>: 0:0
@!@!@ENDMSG 2772 @!@!@
@!@!@STARTMSG 2221:0 @!@!@
  line 85, col 26 to line 85, col 56 of module str2: 0
@!@!@ENDMSG 2221 @!@!@
@!@!@STARTMSG 2221:0 @!@!@
  line 88, col 48 to line 88, col 101 of module str2: 0
@!@!@ENDMSG 2221 @!@!@
@!@!@STARTMSG 2221:0 @!@!@
  line 89, col 48 to line 89, col 107 of module str2: 0
@!@!@ENDMSG 2221 @!@!@
@!@!@STARTMSG 2221:0 @!@!@
  line 90, col 37 to line 90, col 68 of module str2: 0
@!@!@ENDMSG 2221 @!@!@
@!@!@STARTMSG 2221:0 @!@!@
  line 93, col 48 to line 93, col 101 of module str2: 0
@!@!@ENDMSG 2221 @!@!@
@!@!@STARTMSG 2221:0 @!@!@
  line 94, col 48 to line 94, col 107 of module str2: 0
@!@!@ENDMSG 2221 @!@!@
@!@!@STARTMSG 2221:0 @!@!@
  line 96, col 48 to line 96, col 79 of module str2: 0
@!@!@ENDMSG 2221 @!@!@
@!@!@STARTMSG 2221:0 @!@!@
  line 97, col 48 to line 97, col 79 of module str2: 0
@!@!@ENDMSG 2221 @!@!@
@!@!@STARTMSG 2221:0 @!@!@
  line 98, col 26 to line 98, col 59 of module str2: 0
@!@!@ENDMSG 2221 @!@!@
@!@!@STARTMSG 2221:0 @!@!@
  line 99, col 26 to line 99, col 50 of module str2: 0
@!@!@ENDMSG 2221 @!@!@
@!@!@STARTMSG 2221:0 @!@!@
  line 100, col 15 to line 100, col 37 of module str2: 0
@!@!@ENDMSG 2221 @!@!@
@!@!@STARTMSG 2772:0 @!@!@
<AZ line 102, col 1 to line 102, col 8 of module str2>: 0:0
@!@!@ENDMSG 2772 @!@!@
@!@!@STARTMSG 2221:0 @!@!@
  line 103, col 16 to line 103, col 50 of module str2: 0
@!@!@ENDMSG 2221 @!@!@
@!@!@STARTMSG 2221:0 @!@!@
  line 104, col 16 to line 104, col 46 of module str2: 0
@!@!@ENDMSG 2221 @!@!@
@!@!@STARTMSG 2221:0 @!@!@
  line 105, col 16 to line 105, col 46 of module str2: 0
@!@!@ENDMSG 2221 @!@!@
@!@!@STARTMSG 2772:0 @!@!@
<AP line 107, col 1 to line 107, col 8 of module str2>: 0:0
@!@!@ENDMSG 2772 @!@!@
@!@!@STARTMSG 2221:0 @!@!@
  line 110, col 32 to line 110, col 147 of module str2: 0
@!@!@ENDMSG 2221 @!@!@
@!@!@STARTMSG 2221:0 @!@!@
  line 111, col 32 to line 111, col 68 of module str2: 0
@!@!@ENDMSG 2221 @!@!@
@!@!@STARTMSG 2221:0 @!@!@
  line 112, col 27 to line 112, col 58 of module str2: 0
@!@!@ENDMSG 2221 @!@!@
@!@!@STARTMSG 2221:0 @!@!@
  line 113, col 27 to line 113, col 58 of module str2: 0
@!@!@ENDMSG 2221 @!@!@
@!@!@STARTMSG 2221:0 @!@!@
  line 114, col 27 to line 114, col 49 of module str2: 0
@!@!@ENDMSG 2221 @!@!@
@!@!@STARTMSG 2221:0 @!@!@
  line 115, col 16 to line 115, col 40 of module str2: 0
@!@!@ENDMSG 2221 @!@!@
@!@!@STARTMSG 2772:0 @!@!@
<AV line 117, col 1 to line 117, col 8 of module str2>: 0:0
@!@!@ENDMSG 2772 @!@!@
@!@!@STARTMSG 2221:0 @!@!@
  line 120, col 32 to line 120, col 149 of module str2: 0
@!@!@ENDMSG 2221 @!@!@
@!@!@STARTMSG 2221:0 @!@!@
  line 121, col 32 to line 121, col 68 of module str2: 0
@!@!@ENDMSG 2221 @!@!@
@!@!@STARTMSG 2221:0 @!@!@
  line 122, col 27 to line 122, col 58 of module str2: 0
@!@!@ENDMSG 2221 @!@!@
@!@!@STARTMSG 2221:0 @!@!@
  line 123, col 27 to line 123, col 58 of module str2: 0
@!@!@ENDMSG 2221 @!@!@
@!@!@STARTMSG 2221:0 @!@!@
  line 124, col 27 to line 124, col 49 of module str2: 0
@!@!@ENDMSG 2221 @!@!@
@!@!@STARTMSG 2221:0 @!@!@
  line 125, col 16 to line 125, col 40 of module str2: 0
@!@!@ENDMSG 2221 @!@!@
@!@!@STARTMSG 2772:0 @!@!@
<Terminating line 130, col 1 to line 130, col 11 of module str2>: 0:0
@!@!@ENDMSG 2772 @!@!@
@!@!@STARTMSG 2221:0 @!@!@
  line 131, col 19 to line 131, col 32 of module str2: 0
@!@!@ENDMSG 2221 @!@!@
@!@!@STARTMSG 2202:0 @!@!@
End of statistics.
@!@!@ENDMSG 2202 @!@!@
@!@!@STARTMSG 2200:0 @!@!@
Progress(1) at 2021-01-03 11:11:11: 1 states generated (78 s/min), 1 distinct states found (78 ds/min), 1 states left on queue.
@!@!@ENDMSG 2200 @!@!@
@!@!@STARTMSG 2199:0 @!@!@
1 states generated, 1 distinct states found, 1 states left on queue.
@!@!@ENDMSG 2199 @!@!@
@!@!@STARTMSG 2194:0 @!@!@
The depth of the complete state graph search is 1.
@!@!@ENDMSG 2194 @!@!@
@!@!@STARTMSG 2186:0 @!@!@
Finished in 768ms at (2021-01-03 11:11:11)
@!@!@ENDMSG 2186 @!@!@
