@!@!@STARTMSG 2262:0 @!@!@
TLC2 Version 2.15 of Day Month 20?? (rev: 68d4252)
@!@!@ENDMSG 2262 @!@!@
@!@!@STARTMSG 2187:0 @!@!@
Running breadth-first search Model-Checking with fp 5 and seed -6706320402153558089 with 6 workers on 12 cores with 1211MB heap and 2721MB offheap memory [pid: 1976] (Windows 10 10.0 amd64, AdoptOpenJDK 14.0.1 x86_64, OffHeapDiskFPSet, DiskStateQueue).
@!@!@ENDMSG 2187 @!@!@
@!@!@STARTMSG 2220:0 @!@!@
Starting SANY...
@!@!@ENDMSG 2220 @!@!@
Parsing file D:\tla+projects\diehard.toolbox\diehard\MC.tla
Parsing file D:\tla+projects\diehard.toolbox\diehard\diehard.tla
Parsing file C:\toolbox\plugins\org.lamport.tlatools_1.0.0.202012110300\tla2sany\StandardModules\TLC.tla
Parsing file C:\toolbox\plugins\org.lamport.tlatools_1.0.0.202012110300\tla2sany\StandardModules\Naturals.tla
Parsing file C:\toolbox\plugins\org.lamport.tlatools_1.0.0.202012110300\tla2sany\StandardModules\Sequences.tla
Parsing file C:\cygwin\usr\local\lib\tlaps\FiniteSets.tla
Semantic processing of module Naturals
Semantic processing of module diehard
Semantic processing of module Sequences
Semantic processing of module FiniteSets
Semantic processing of module TLC
Semantic processing of module MC
@!@!@STARTMSG 2219:0 @!@!@
SANY finished.
@!@!@ENDMSG 2219 @!@!@
@!@!@STARTMSG 2185:0 @!@!@
Starting... (2020-12-17 22:43:48)
@!@!@ENDMSG 2185 @!@!@
@!@!@STARTMSG 2189:0 @!@!@
Computing initial states...
@!@!@ENDMSG 2189 @!@!@
@!@!@STARTMSG 2190:0 @!@!@
Finished computing initial states: 1 distinct state generated at 2020-12-17 22:43:48.
@!@!@ENDMSG 2190 @!@!@
@!@!@STARTMSG 2110:1 @!@!@
Invariant NotSolved is violated.
@!@!@ENDMSG 2110 @!@!@
@!@!@STARTMSG 2121:1 @!@!@
The behavior up to this point is:
@!@!@ENDMSG 2121 @!@!@
@!@!@STARTMSG 2217:4 @!@!@
1: <Initial predicate>
/\ big = 0
/\ small = 0

@!@!@ENDMSG 2217 @!@!@
@!@!@STARTMSG 2217:4 @!@!@
2: <FillSmallJug line 65, col 18 to line 66, col 30 of module diehard>
/\ big = 0
/\ small = 3

@!@!@ENDMSG 2217 @!@!@
@!@!@STARTMSG 2217:4 @!@!@
3: <SmallToBig line 94, col 15 to line 95, col 46 of module diehard>
/\ big = 3
/\ small = 0

@!@!@ENDMSG 2217 @!@!@
@!@!@STARTMSG 2217:4 @!@!@
4: <FillSmallJug line 65, col 18 to line 66, col 30 of module diehard>
/\ big = 3
/\ small = 3

@!@!@ENDMSG 2217 @!@!@
@!@!@STARTMSG 2217:4 @!@!@
5: <SmallToBig line 94, col 15 to line 95, col 46 of module diehard>
/\ big = 5
/\ small = 1

@!@!@ENDMSG 2217 @!@!@
@!@!@STARTMSG 2217:4 @!@!@
6: <EmptyBigJug line 74, col 18 to line 75, col 34 of module diehard>
/\ big = 0
/\ small = 1

@!@!@ENDMSG 2217 @!@!@
@!@!@STARTMSG 2217:4 @!@!@
7: <SmallToBig line 94, col 15 to line 95, col 46 of module diehard>
/\ big = 1
/\ small = 0

@!@!@ENDMSG 2217 @!@!@
@!@!@STARTMSG 2217:4 @!@!@
8: <FillSmallJug line 65, col 18 to line 66, col 30 of module diehard>
/\ big = 1
/\ small = 3

@!@!@ENDMSG 2217 @!@!@
@!@!@STARTMSG 2217:4 @!@!@
9: <SmallToBig line 94, col 15 to line 95, col 46 of module diehard>
/\ big = 4
/\ small = 0

@!@!@ENDMSG 2217 @!@!@
@!@!@STARTMSG 2201:0 @!@!@
The coverage statistics at 2020-12-17 22:43:48
@!@!@ENDMSG 2201 @!@!@
@!@!@STARTMSG 2773:0 @!@!@
<Init line 47, col 1 to line 47, col 4 of module diehard>: 2:2
@!@!@ENDMSG 2773 @!@!@
@!@!@STARTMSG 2221:0 @!@!@
  line 47, col 9 to line 48, col 20 of module diehard: 2
@!@!@ENDMSG 2221 @!@!@
@!@!@STARTMSG 2772:0 @!@!@
<FillSmallJug line 65, col 1 to line 65, col 12 of module diehard>: 3:22
@!@!@ENDMSG 2772 @!@!@
@!@!@STARTMSG 2221:0 @!@!@
  line 65, col 18 to line 66, col 30 of module diehard: 22
@!@!@ENDMSG 2221 @!@!@
@!@!@STARTMSG 2772:0 @!@!@
<FillBigJug line 68, col 1 to line 68, col 10 of module diehard>: 3:19
@!@!@ENDMSG 2772 @!@!@
@!@!@STARTMSG 2221:0 @!@!@
  line 68, col 18 to line 69, col 34 of module diehard: 19
@!@!@ENDMSG 2221 @!@!@
@!@!@STARTMSG 2772:0 @!@!@
<EmptySmallJug line 71, col 1 to line 71, col 13 of module diehard>: 1:19
@!@!@ENDMSG 2772 @!@!@
@!@!@STARTMSG 2221:0 @!@!@
  line 71, col 18 to line 72, col 30 of module diehard: 19
@!@!@ENDMSG 2221 @!@!@
@!@!@STARTMSG 2772:0 @!@!@
<EmptyBigJug line 74, col 1 to line 74, col 11 of module diehard>: 1:19
@!@!@ENDMSG 2772 @!@!@
@!@!@STARTMSG 2221:0 @!@!@
  line 74, col 18 to line 75, col 34 of module diehard: 19
@!@!@ENDMSG 2221 @!@!@
@!@!@STARTMSG 2772:0 @!@!@
<SmallToBig line 94, col 1 to line 94, col 10 of module diehard>: 4:18
@!@!@ENDMSG 2772 @!@!@
@!@!@STARTMSG 2221:0 @!@!@
  line 94, col 18 to line 94, col 45 of module diehard: 17
@!@!@ENDMSG 2221 @!@!@
@!@!@STARTMSG 2221:0 @!@!@
  |line 94, col 27 to line 94, col 45 of module diehard: 18
@!@!@ENDMSG 2221 @!@!@
@!@!@STARTMSG 2221:0 @!@!@
  ||line 88, col 13 to line 88, col 34 of module diehard: 18
@!@!@ENDMSG 2221 @!@!@
@!@!@STARTMSG 2221:0 @!@!@
  |||line 88, col 16 to line 88, col 20 of module diehard: 18
@!@!@ENDMSG 2221 @!@!@
@!@!@STARTMSG 2221:0 @!@!@
  |||line 88, col 27 to line 88, col 27 of module diehard: 11
@!@!@ENDMSG 2221 @!@!@
@!@!@STARTMSG 2221:0 @!@!@
  |||line 88, col 34 to line 88, col 34 of module diehard: 7
@!@!@ENDMSG 2221 @!@!@
@!@!@STARTMSG 2221:0 @!@!@
  ||line 94, col 31 to line 94, col 41 of module diehard: 18
@!@!@ENDMSG 2221 @!@!@
@!@!@STARTMSG 2221:0 @!@!@
  line 95, col 18 to line 95, col 46 of module diehard: 17
@!@!@ENDMSG 2221 @!@!@
@!@!@STARTMSG 2221:0 @!@!@
  |line 95, col 27 to line 95, col 46 of module diehard: 18
@!@!@ENDMSG 2221 @!@!@
@!@!@STARTMSG 2772:0 @!@!@
<BigToSmall line 97, col 1 to line 97, col 10 of module diehard>: 3:13
@!@!@ENDMSG 2772 @!@!@
@!@!@STARTMSG 2221:0 @!@!@
  line 97, col 18 to line 97, col 45 of module diehard: 12
@!@!@ENDMSG 2221 @!@!@
@!@!@STARTMSG 2221:0 @!@!@
  |line 97, col 27 to line 97, col 45 of module diehard: 13
@!@!@ENDMSG 2221 @!@!@
@!@!@STARTMSG 2221:0 @!@!@
  ||line 88, col 13 to line 88, col 34 of module diehard: 13
@!@!@ENDMSG 2221 @!@!@
@!@!@STARTMSG 2221:0 @!@!@
  |||line 88, col 16 to line 88, col 20 of module diehard: 13
@!@!@ENDMSG 2221 @!@!@
@!@!@STARTMSG 2221:0 @!@!@
  |||line 88, col 27 to line 88, col 27 of module diehard: 5
@!@!@ENDMSG 2221 @!@!@
@!@!@STARTMSG 2221:0 @!@!@
  |||line 88, col 34 to line 88, col 34 of module diehard: 8
@!@!@ENDMSG 2221 @!@!@
@!@!@STARTMSG 2221:0 @!@!@
  ||line 97, col 31 to line 97, col 41 of module diehard: 13
@!@!@ENDMSG 2221 @!@!@
@!@!@STARTMSG 2221:0 @!@!@
  line 98, col 18 to line 98, col 48 of module diehard: 12
@!@!@ENDMSG 2221 @!@!@
@!@!@STARTMSG 2221:0 @!@!@
  |line 98, col 27 to line 98, col 48 of module diehard: 13
@!@!@ENDMSG 2221 @!@!@
@!@!@STARTMSG 2774:0 @!@!@
<NotSolved line 127, col 1 to line 127, col 9 of module diehard>
@!@!@ENDMSG 2774 @!@!@
@!@!@STARTMSG 2221:0 @!@!@
  line 127, col 14 to line 127, col 20 of module diehard: 16
@!@!@ENDMSG 2221 @!@!@
@!@!@STARTMSG 2202:0 @!@!@
End of statistics.
@!@!@ENDMSG 2202 @!@!@
@!@!@STARTMSG 2200:0 @!@!@
Progress(9) at 2020-12-17 22:43:48: 84 states generated (7,179 s/min), 16 distinct states found (1,367 ds/min), 0 states left on queue.
@!@!@ENDMSG 2200 @!@!@
@!@!@STARTMSG 2199:0 @!@!@
84 states generated, 16 distinct states found, 0 states left on queue.
@!@!@ENDMSG 2199 @!@!@
@!@!@STARTMSG 2194:0 @!@!@
The depth of the complete state graph search is 9.
@!@!@ENDMSG 2194 @!@!@
@!@!@STARTMSG 2186:0 @!@!@
Finished in 706ms at (2020-12-17 22:43:48)
@!@!@ENDMSG 2186 @!@!@
